This is XeTeX, Version 3.1415926-2.5-0.9999.3 (TeX Live 2013/Debian) (format=xetex 2014.9.22)  22 SEP 2014 14:29
entering extended mode
 restricted \write18 enabled.
 %&-line parsing enabled.
**unicode-math.dtx
(./unicode-math.dtx (/usr/share/texlive/texmf-dist/tex/latex/base/docstrip.tex
\blockLevel=\count28
\emptyLines=\count29
\processedLines=\count30
\commentsRemoved=\count31
\commentsPassed=\count32
\codeLinesPassed=\count33
\TotalprocessedLines=\count34
\TotalcommentsRemoved=\count35
\TotalcommentsPassed=\count36
\TotalcodeLinesPassed=\count37
\NumberOfFiles=\count38
\inFile=\read1
\inputcheck=\read2
\@tempcnta=\count39
\off@0=\count40
\off@1=\count41
\off@2=\count42
\off@3=\count43
\off@4=\count44
\off@5=\count45
\off@6=\count46
\off@7=\count47
\off@8=\count48
\off@9=\count49
\off@10=\count50
\off@11=\count51
\off@12=\count52
\off@13=\count53
\off@14=\count54
\off@15=\count55
\@temptokena=\toks13
\@maxfiles=\count56
\@maxoutfiles=\count57

Utility: `docstrip' 2.5d <2005/07/29>
English documentation    <1999/03/31>

**********************************************************
* This program converts documented macro-files into fast *
* loadable files by stripping off (nearly) all comments! *
**********************************************************

********************************************************
* No Configuration file found, using default settings. *
********************************************************

)

Generating file(s) unicode-math.sty 
\openout0 = `unicode-math.sty'.


Processing file unicode-math.dtx (preamble) -> unicode-math.sty
File unicode-math.dtx ended by \endinput.
Lines  processed: 6978
Comments removed: 3071
Comments  passed: 3
Codelines passed: 3844


Processing file unicode-math.dtx (msg) -> unicode-math.sty
File unicode-math.dtx  ended by \endinput.
Lines  processed: 6978
Comments removed: 3071
Comments  passed: 3
Codelines passed: 3844


Processing file unicode-math.dtx (load) -> unicode-math.sty
File unicode-math.dtx   ended by \endinput.
Lines  processed: 6978
Comments removed: 3071
Comments  passed: 3
Codelines passed: 3844


Generating file(s) unicode-math-xetex.sty 
\openout0 = `unicode-math-xetex.sty'.


Processing file unicode-math.dtx (package,XE) -> unicode-math-xetex.sty
File unicode-math.dtx ended by \endinput.
Lines  processed: 6978
Comments removed: 3071
Comments  passed: 3
Codelines passed: 3844


Generating file(s) unicode-math-luatex.sty 
\openout0 = `unicode-math-luatex.sty'.


Processing file unicode-math.dtx (package,LU) -> unicode-math-luatex.sty
File unicode-math.dtx ended by \endinput.
Lines  processed: 6978
Comments removed: 3071
Comments  passed: 3
Codelines passed: 3844

 )
No pages of output.
